{
  "stats": {
    "suites": 3,
    "tests": 28,
    "passes": 28,
    "pending": 0,
    "failures": 0,
    "start": "2025-11-07T00:45:34.994Z",
    "end": "2025-11-07T00:45:35.011Z",
    "duration": 17,
    "testsRegistered": 28,
    "passPercent": 100,
    "pendingPercent": 0,
    "other": 0,
    "hasOther": false,
    "skipped": 0,
    "hasSkipped": false
  },
  "results": [
    {
      "uuid": "d031e49e-0af7-4a86-aeed-9c7a4cf04dd5",
      "title": "",
      "fullFile": "",
      "file": "",
      "beforeHooks": [],
      "afterHooks": [],
      "tests": [],
      "suites": [
        {
          "uuid": "4825a67e-6a2a-4d18-9721-f74cc93c95e6",
          "title": "Clase Bascula",
          "fullFile": "E:\\APPSALUD-Jaime-Carrasco-Tudela\\test\\Bascula.spec.js",
          "file": "\\test\\Bascula.spec.js",
          "beforeHooks": [
            {
              "title": "\"before each\" hook in \"Clase Bascula\"",
              "fullTitle": "Clase Bascula \"before each\" hook in \"Clase Bascula\"",
              "timedOut": false,
              "duration": 0,
              "state": null,
              "speed": null,
              "pass": false,
              "fail": false,
              "pending": false,
              "context": null,
              "code": "bascula = new Bascula();",
              "err": {},
              "uuid": "d50118a5-afa2-493a-9a6c-529afcd44b09",
              "parentUUID": "4825a67e-6a2a-4d18-9721-f74cc93c95e6",
              "isHook": true,
              "skipped": false
            }
          ],
          "afterHooks": [],
          "tests": [
            {
              "title": "se debe iniciar sin anotaciones",
              "fullTitle": "Clase Bascula se debe iniciar sin anotaciones",
              "timedOut": false,
              "duration": 0,
              "state": "passed",
              "speed": "fast",
              "pass": true,
              "fail": false,
              "pending": false,
              "context": null,
              "code": "assert.equal(bascula.ObtenerNumeroAnotaciones(), 0);",
              "err": {},
              "uuid": "92831f35-158c-49d0-afeb-e91c41175280",
              "parentUUID": "4825a67e-6a2a-4d18-9721-f74cc93c95e6",
              "isHook": false,
              "skipped": false
            },
            {
              "title": "se necesita anotar un peso y aumentar el número de anotaciones",
              "fullTitle": "Clase Bascula se necesita anotar un peso y aumentar el número de anotaciones",
              "timedOut": false,
              "duration": 0,
              "state": "passed",
              "speed": "fast",
              "pass": true,
              "fail": false,
              "pending": false,
              "context": null,
              "code": "bascula.anotarPeso(72, 1.80); // Usaré más reales para que cuadre mejor: una persona deportista de 72 kg y 1,80 m\nassert.equal(bascula.ObtenerNumeroAnotaciones(), 1);",
              "err": {},
              "uuid": "2afdb2c0-3bf9-4721-9b45-1df0fa364503",
              "parentUUID": "4825a67e-6a2a-4d18-9721-f74cc93c95e6",
              "isHook": false,
              "skipped": false
            },
            {
              "title": "se necesita calcular el peso máximo correctamente",
              "fullTitle": "Clase Bascula se necesita calcular el peso máximo correctamente",
              "timedOut": false,
              "duration": 0,
              "state": "passed",
              "speed": "fast",
              "pass": true,
              "fail": false,
              "pending": false,
              "context": null,
              "code": "bascula.anotarPeso(72);\nbascula.anotarPeso(70);\nassert.equal(bascula.obtenerPesoMaximo(), 72);",
              "err": {},
              "uuid": "c28edde1-0b40-4477-8a3d-b352cec753ea",
              "parentUUID": "4825a67e-6a2a-4d18-9721-f74cc93c95e6",
              "isHook": false,
              "skipped": false
            },
            {
              "title": "se necesita calcular el peso mínimo correctamente",
              "fullTitle": "Clase Bascula se necesita calcular el peso mínimo correctamente",
              "timedOut": false,
              "duration": 0,
              "state": "passed",
              "speed": "fast",
              "pass": true,
              "fail": false,
              "pending": false,
              "context": null,
              "code": "bascula.anotarPeso(72);\nbascula.anotarPeso(70);\nassert.equal(bascula.obtenerPesoMinimo(), 70);",
              "err": {},
              "uuid": "879a0004-0f99-461c-a708-b2d008924dbd",
              "parentUUID": "4825a67e-6a2a-4d18-9721-f74cc93c95e6",
              "isHook": false,
              "skipped": false
            },
            {
              "title": "se necesita calcular el IMC de la última anotación correctamente",
              "fullTitle": "Clase Bascula se necesita calcular el IMC de la última anotación correctamente",
              "timedOut": false,
              "duration": 1,
              "state": "passed",
              "speed": "fast",
              "pass": true,
              "fail": false,
              "pending": false,
              "context": null,
              "code": "bascula.anotarPeso(72, 1.80);\nconst imc = bascula.calcularIMCO();\nassert.closeTo(imc, 22.22, 0.01); // Esto es básicamente el margen de error",
              "err": {},
              "uuid": "c6d5b4a9-4d46-45cd-942d-186915d0f6ef",
              "parentUUID": "4825a67e-6a2a-4d18-9721-f74cc93c95e6",
              "isHook": false,
              "skipped": false
            },
            {
              "title": "se necesita describir el IMC de infrapeso severo",
              "fullTitle": "Clase Bascula se necesita describir el IMC de infrapeso severo",
              "timedOut": false,
              "duration": 0,
              "state": "passed",
              "speed": "fast",
              "pass": true,
              "fail": false,
              "pending": false,
              "context": null,
              "code": "assert.equal(bascula.describirIMC(15), 'Infrapeso (delgadez severa)');",
              "err": {},
              "uuid": "12814d8c-6540-4e4e-b1d5-815852f6159d",
              "parentUUID": "4825a67e-6a2a-4d18-9721-f74cc93c95e6",
              "isHook": false,
              "skipped": false
            },
            {
              "title": "se necesita describir el IMC de infrapeso moderado",
              "fullTitle": "Clase Bascula se necesita describir el IMC de infrapeso moderado",
              "timedOut": false,
              "duration": 0,
              "state": "passed",
              "speed": "fast",
              "pass": true,
              "fail": false,
              "pending": false,
              "context": null,
              "code": "assert.equal(bascula.describirIMC(16), 'Infrapeso (delgadez moderada)');",
              "err": {},
              "uuid": "8b59d188-7f1a-47d3-bf33-e1508ce9d586",
              "parentUUID": "4825a67e-6a2a-4d18-9721-f74cc93c95e6",
              "isHook": false,
              "skipped": false
            },
            {
              "title": "se necesita describir el IMC de infrapeso aceptable",
              "fullTitle": "Clase Bascula se necesita describir el IMC de infrapeso aceptable",
              "timedOut": false,
              "duration": 0,
              "state": "passed",
              "speed": "fast",
              "pass": true,
              "fail": false,
              "pending": false,
              "context": null,
              "code": "assert.equal(bascula.describirIMC(17), 'Infrapeso (delgadez aceptable)');",
              "err": {},
              "uuid": "251530ac-9bde-4d64-95d9-a2e503e673b9",
              "parentUUID": "4825a67e-6a2a-4d18-9721-f74cc93c95e6",
              "isHook": false,
              "skipped": false
            },
            {
              "title": "se necesita describir el IMC de peso normal",
              "fullTitle": "Clase Bascula se necesita describir el IMC de peso normal",
              "timedOut": false,
              "duration": 0,
              "state": "passed",
              "speed": "fast",
              "pass": true,
              "fail": false,
              "pending": false,
              "context": null,
              "code": "assert.equal(bascula.describirIMC(22), 'Peso normal');",
              "err": {},
              "uuid": "582b8105-612c-45b2-a07b-d84bb09a451d",
              "parentUUID": "4825a67e-6a2a-4d18-9721-f74cc93c95e6",
              "isHook": false,
              "skipped": false
            },
            {
              "title": "se necesita describir el IMC del paciente con obesidad Tipo I",
              "fullTitle": "Clase Bascula se necesita describir el IMC del paciente con obesidad Tipo I",
              "timedOut": false,
              "duration": 0,
              "state": "passed",
              "speed": "fast",
              "pass": true,
              "fail": false,
              "pending": false,
              "context": null,
              "code": "assert.equal(bascula.describirIMC(32), 'Obeso (Tipo I)');",
              "err": {},
              "uuid": "af743d2c-aaf8-4e05-b51c-eb54d2d528b2",
              "parentUUID": "4825a67e-6a2a-4d18-9721-f74cc93c95e6",
              "isHook": false,
              "skipped": false
            },
            {
              "title": "se necesita describir el IMC del paciente con obesidad Tipo II",
              "fullTitle": "Clase Bascula se necesita describir el IMC del paciente con obesidad Tipo II",
              "timedOut": false,
              "duration": 0,
              "state": "passed",
              "speed": "fast",
              "pass": true,
              "fail": false,
              "pending": false,
              "context": null,
              "code": "assert.equal(bascula.describirIMC(39), 'Obeso (Tipo II)');",
              "err": {},
              "uuid": "60397792-6265-4b53-8a96-9f7cc8f9a9e4",
              "parentUUID": "4825a67e-6a2a-4d18-9721-f74cc93c95e6",
              "isHook": false,
              "skipped": false
            },
            {
              "title": "se necesita describir el IMC del paciente Tipo III",
              "fullTitle": "Clase Bascula se necesita describir el IMC del paciente Tipo III",
              "timedOut": false,
              "duration": 0,
              "state": "passed",
              "speed": "fast",
              "pass": true,
              "fail": false,
              "pending": false,
              "context": null,
              "code": "assert.equal(bascula.describirIMC(42), 'Obeso (Tipo III)');",
              "err": {},
              "uuid": "cde27aab-9b5c-4a80-a581-0574aa781f8e",
              "parentUUID": "4825a67e-6a2a-4d18-9721-f74cc93c95e6",
              "isHook": false,
              "skipped": false
            }
          ],
          "suites": [],
          "passes": [
            "92831f35-158c-49d0-afeb-e91c41175280",
            "2afdb2c0-3bf9-4721-9b45-1df0fa364503",
            "c28edde1-0b40-4477-8a3d-b352cec753ea",
            "879a0004-0f99-461c-a708-b2d008924dbd",
            "c6d5b4a9-4d46-45cd-942d-186915d0f6ef",
            "12814d8c-6540-4e4e-b1d5-815852f6159d",
            "8b59d188-7f1a-47d3-bf33-e1508ce9d586",
            "251530ac-9bde-4d64-95d9-a2e503e673b9",
            "582b8105-612c-45b2-a07b-d84bb09a451d",
            "af743d2c-aaf8-4e05-b51c-eb54d2d528b2",
            "60397792-6265-4b53-8a96-9f7cc8f9a9e4",
            "cde27aab-9b5c-4a80-a581-0574aa781f8e"
          ],
          "failures": [],
          "pending": [],
          "skipped": [],
          "duration": 1,
          "root": false,
          "rootEmpty": false,
          "_timeout": 2000
        },
        {
          "uuid": "e283e903-6712-44b9-840c-231881334853",
          "title": "Clase Paciente",
          "fullFile": "E:\\APPSALUD-Jaime-Carrasco-Tudela\\test\\Paciente.spec.js",
          "file": "\\test\\Paciente.spec.js",
          "beforeHooks": [
            {
              "title": "\"before each\" hook in \"Clase Paciente\"",
              "fullTitle": "Clase Paciente \"before each\" hook in \"Clase Paciente\"",
              "timedOut": false,
              "duration": 0,
              "state": null,
              "speed": null,
              "pass": false,
              "fail": false,
              "pending": false,
              "context": null,
              "code": "paciente = new Paciente('Jaime', 'Carrasco', '1990-05-15');",
              "err": {},
              "uuid": "930b58a8-9ed2-4728-a681-221a651a2373",
              "parentUUID": "e283e903-6712-44b9-840c-231881334853",
              "isHook": true,
              "skipped": false
            }
          ],
          "afterHooks": [],
          "tests": [
            {
              "title": "se debe saludar correctamente",
              "fullTitle": "Clase Paciente se debe saludar correctamente",
              "timedOut": false,
              "duration": 0,
              "state": "passed",
              "speed": "fast",
              "pass": true,
              "fail": false,
              "pending": false,
              "context": null,
              "code": "assert.equal(paciente.saludar(), 'Hola, soy Jaime Carrasco');",
              "err": {},
              "uuid": "35f4a1f2-adac-4206-9dfd-d887152dcb04",
              "parentUUID": "e283e903-6712-44b9-840c-231881334853",
              "isHook": false,
              "skipped": false
            },
            {
              "title": "se necesita obtener el nombre correctamente",
              "fullTitle": "Clase Paciente se necesita obtener el nombre correctamente",
              "timedOut": false,
              "duration": 0,
              "state": "passed",
              "speed": "fast",
              "pass": true,
              "fail": false,
              "pending": false,
              "context": null,
              "code": "assert.equal(paciente.obtenerNombre(), 'Jaime');",
              "err": {},
              "uuid": "757123cd-6593-4560-8beb-e48d45ff4c21",
              "parentUUID": "e283e903-6712-44b9-840c-231881334853",
              "isHook": false,
              "skipped": false
            },
            {
              "title": "se necesita modificar el nombre correctamente",
              "fullTitle": "Clase Paciente se necesita modificar el nombre correctamente",
              "timedOut": false,
              "duration": 0,
              "state": "passed",
              "speed": "fast",
              "pass": true,
              "fail": false,
              "pending": false,
              "context": null,
              "code": "paciente.modificarNombre('Carlos');\nassert.equal(paciente.obtenerNombre(), 'Carlos');",
              "err": {},
              "uuid": "f3bd9e10-c0a8-4a39-889b-764ccbfc3188",
              "parentUUID": "e283e903-6712-44b9-840c-231881334853",
              "isHook": false,
              "skipped": false
            },
            {
              "title": "se necesita obtener los apellidos correctamente",
              "fullTitle": "Clase Paciente se necesita obtener los apellidos correctamente",
              "timedOut": false,
              "duration": 0,
              "state": "passed",
              "speed": "fast",
              "pass": true,
              "fail": false,
              "pending": false,
              "context": null,
              "code": "assert.equal(paciente.obtenerApellidos(), 'Carrasco');",
              "err": {},
              "uuid": "64f3bfcd-1950-4a2a-8615-36eb31355888",
              "parentUUID": "e283e903-6712-44b9-840c-231881334853",
              "isHook": false,
              "skipped": false
            },
            {
              "title": "se necesita modificar los apellidos correctamente",
              "fullTitle": "Clase Paciente se necesita modificar los apellidos correctamente",
              "timedOut": false,
              "duration": 0,
              "state": "passed",
              "speed": "fast",
              "pass": true,
              "fail": false,
              "pending": false,
              "context": null,
              "code": "paciente.modificarApellidos('Gómez');\nassert.equal(paciente.obtenerApellidos(), 'Gómez');",
              "err": {},
              "uuid": "ae7930c1-5e98-49cc-9824-278c3a1bca7a",
              "parentUUID": "e283e903-6712-44b9-840c-231881334853",
              "isHook": false,
              "skipped": false
            },
            {
              "title": "se necesita obtener la fecha de nacimiento correctamente",
              "fullTitle": "Clase Paciente se necesita obtener la fecha de nacimiento correctamente",
              "timedOut": false,
              "duration": 1,
              "state": "passed",
              "speed": "fast",
              "pass": true,
              "fail": false,
              "pending": false,
              "context": null,
              "code": "assert.deepEqual(paciente.obtenerFechaNacimiento(), new Date('1990-05-15'));",
              "err": {},
              "uuid": "628d04da-aeac-4485-a7c7-584fd4c22e5f",
              "parentUUID": "e283e903-6712-44b9-840c-231881334853",
              "isHook": false,
              "skipped": false
            },
            {
              "title": "se necesita modificar la fecha de nacimiento correctamente",
              "fullTitle": "Clase Paciente se necesita modificar la fecha de nacimiento correctamente",
              "timedOut": false,
              "duration": 0,
              "state": "passed",
              "speed": "fast",
              "pass": true,
              "fail": false,
              "pending": false,
              "context": null,
              "code": "paciente.modificarFechaNacimiento('2000-01-01');\nassert.deepEqual(paciente.obtenerFechaNacimiento(), new Date('2000-01-01'));",
              "err": {},
              "uuid": "112c9d47-914a-4c51-8813-dd3faffbe4f9",
              "parentUUID": "e283e903-6712-44b9-840c-231881334853",
              "isHook": false,
              "skipped": false
            },
            {
              "title": "se necesita asociar una báscula correctamente",
              "fullTitle": "Clase Paciente se necesita asociar una báscula correctamente",
              "timedOut": false,
              "duration": 0,
              "state": "passed",
              "speed": "fast",
              "pass": true,
              "fail": false,
              "pending": false,
              "context": null,
              "code": "const bascula = new Bascula();\npaciente.modificarBascula(bascula);\nassert.equal(paciente.obtenerBascula(), bascula);",
              "err": {},
              "uuid": "c3da859b-cace-4aef-8583-fb40548eb3dd",
              "parentUUID": "e283e903-6712-44b9-840c-231881334853",
              "isHook": false,
              "skipped": false
            },
            {
              "title": "se necesita calcular correctamente la edad actual del paciente",
              "fullTitle": "Clase Paciente se necesita calcular correctamente la edad actual del paciente",
              "timedOut": false,
              "duration": 0,
              "state": "passed",
              "speed": "fast",
              "pass": true,
              "fail": false,
              "pending": false,
              "context": null,
              "code": "const edad = paciente.obtenerEdad();\nconst hoy = new Date();\nconst fechaNac = new Date('1990-05-15');\nlet edadEsperada = hoy.getFullYear() - fechaNac.getFullYear();\nconst m = hoy.getMonth() - fechaNac.getMonth();\nif (m < 0 || (m === 0 && hoy.getDate() < fechaNac.getDate())) {\n  edadEsperada--;\n}\nassert.equal(edad, edadEsperada);",
              "err": {},
              "uuid": "9543334f-79cb-4d33-a289-87de7ec38933",
              "parentUUID": "e283e903-6712-44b9-840c-231881334853",
              "isHook": false,
              "skipped": false
            },
            {
              "title": "se necesita que la edad sea un número mayor que 0",
              "fullTitle": "Clase Paciente se necesita que la edad sea un número mayor que 0",
              "timedOut": false,
              "duration": 0,
              "state": "passed",
              "speed": "fast",
              "pass": true,
              "fail": false,
              "pending": false,
              "context": null,
              "code": "const edad = paciente.obtenerEdad();\nassert.isAbove(edad, 0);",
              "err": {},
              "uuid": "f84f8bdf-1d44-492f-8c79-8a984f9907ba",
              "parentUUID": "e283e903-6712-44b9-840c-231881334853",
              "isHook": false,
              "skipped": false
            },
            {
              "title": "se necesita actualizar la edad si se cambia la fecha de nacimiento",
              "fullTitle": "Clase Paciente se necesita actualizar la edad si se cambia la fecha de nacimiento",
              "timedOut": false,
              "duration": 0,
              "state": "passed",
              "speed": "fast",
              "pass": true,
              "fail": false,
              "pending": false,
              "context": null,
              "code": "paciente.modificarFechaNacimiento('2005-11-06');\nconst edad = paciente.obtenerEdad();\nconst hoy = new Date();\nconst fechaNac = new Date('2005-11-06');\nlet edadEsperada = hoy.getFullYear() - fechaNac.getFullYear();\nconst m = hoy.getMonth() - fechaNac.getMonth();\nif (m < 0 || (m === 0 && hoy.getDate() < fechaNac.getDate())) {\n  edadEsperada--;\n}\nassert.equal(edad, edadEsperada);",
              "err": {},
              "uuid": "7f6dfd6b-99d3-4038-b61c-098f5159ef0a",
              "parentUUID": "e283e903-6712-44b9-840c-231881334853",
              "isHook": false,
              "skipped": false
            },
            {
              "title": "se necesita manejar correctamente pacientes nacidos el mismo día y mes que hoy",
              "fullTitle": "Clase Paciente se necesita manejar correctamente pacientes nacidos el mismo día y mes que hoy",
              "timedOut": false,
              "duration": 0,
              "state": "passed",
              "speed": "fast",
              "pass": true,
              "fail": false,
              "pending": false,
              "context": null,
              "code": "const hoy = new Date();\nconst añoNacimiento = hoy.getFullYear() - 25;\nconst fecha = `${añoNacimiento}-${String(hoy.getMonth() + 1).padStart(2, '0')}-${String(hoy.getDate()).padStart(2, '0')}`;\nconst p = new Paciente('María', 'López', fecha);\nassert.equal(p.obtenerEdad(), 25);",
              "err": {},
              "uuid": "ca01b5b9-c472-492d-9dcb-1278d7e92fbf",
              "parentUUID": "e283e903-6712-44b9-840c-231881334853",
              "isHook": false,
              "skipped": false
            },
            {
              "title": "se necesita lanzar un error si la fecha de nacimiento es inválida",
              "fullTitle": "Clase Paciente se necesita lanzar un error si la fecha de nacimiento es inválida",
              "timedOut": false,
              "duration": 0,
              "state": "passed",
              "speed": "fast",
              "pass": true,
              "fail": false,
              "pending": false,
              "context": null,
              "code": "assert.throws(() => new Paciente('Luis', 'Santos', 'fecha-invalida'), Error);",
              "err": {},
              "uuid": "2617ccdb-a10c-480a-b4c6-42c46eeb7710",
              "parentUUID": "e283e903-6712-44b9-840c-231881334853",
              "isHook": false,
              "skipped": false
            },
            {
              "title": "se necesita calcular correctamente el IMCO del paciente",
              "fullTitle": "Clase Paciente se necesita calcular correctamente el IMCO del paciente",
              "timedOut": false,
              "duration": 0,
              "state": "passed",
              "speed": "fast",
              "pass": true,
              "fail": false,
              "pending": false,
              "context": null,
              "code": "const bascula = new Bascula();\nbascula.anotarPeso(72, 1.80);\npaciente.modificarBascula(bascula);\nconst imco = paciente.calcularIMCO();\nassert.closeTo(imco, 22.22, 0.01);",
              "err": {},
              "uuid": "e7131808-7228-4fc6-81fb-95839d88f12b",
              "parentUUID": "e283e903-6712-44b9-840c-231881334853",
              "isHook": false,
              "skipped": false
            }
          ],
          "suites": [],
          "passes": [
            "35f4a1f2-adac-4206-9dfd-d887152dcb04",
            "757123cd-6593-4560-8beb-e48d45ff4c21",
            "f3bd9e10-c0a8-4a39-889b-764ccbfc3188",
            "64f3bfcd-1950-4a2a-8615-36eb31355888",
            "ae7930c1-5e98-49cc-9824-278c3a1bca7a",
            "628d04da-aeac-4485-a7c7-584fd4c22e5f",
            "112c9d47-914a-4c51-8813-dd3faffbe4f9",
            "c3da859b-cace-4aef-8583-fb40548eb3dd",
            "9543334f-79cb-4d33-a289-87de7ec38933",
            "f84f8bdf-1d44-492f-8c79-8a984f9907ba",
            "7f6dfd6b-99d3-4038-b61c-098f5159ef0a",
            "ca01b5b9-c472-492d-9dcb-1278d7e92fbf",
            "2617ccdb-a10c-480a-b4c6-42c46eeb7710",
            "e7131808-7228-4fc6-81fb-95839d88f12b"
          ],
          "failures": [],
          "pending": [],
          "skipped": [],
          "duration": 1,
          "root": false,
          "rootEmpty": false,
          "_timeout": 2000
        },
        {
          "uuid": "cbab8a15-ddb8-47e1-a668-4b69bc60d662",
          "title": "Clase Termometro",
          "fullFile": "E:\\APPSALUD-Jaime-Carrasco-Tudela\\test\\Termometro.spec.js",
          "file": "\\test\\Termometro.spec.js",
          "beforeHooks": [
            {
              "title": "\"before all\" hook in \"Clase Termometro\"",
              "fullTitle": "Clase Termometro \"before all\" hook in \"Clase Termometro\"",
              "timedOut": false,
              "duration": 2,
              "state": null,
              "speed": null,
              "pass": false,
              "fail": false,
              "pending": false,
              "context": null,
              "code": "mostrarDiagramaTermometro();    // Mostrar el diagrama antes de ejecutar las pruebas",
              "err": {},
              "uuid": "5b161f1b-a084-4ede-91b8-24abab7c8e54",
              "parentUUID": "cbab8a15-ddb8-47e1-a668-4b69bc60d662",
              "isHook": true,
              "skipped": false
            },
            {
              "title": "\"before each\" hook in \"Clase Termometro\"",
              "fullTitle": "Clase Termometro \"before each\" hook in \"Clase Termometro\"",
              "timedOut": false,
              "duration": 0,
              "state": null,
              "speed": null,
              "pass": false,
              "fail": false,
              "pending": false,
              "context": null,
              "code": "termometro = new Termometro();",
              "err": {},
              "uuid": "d3fa963f-fa05-444f-9133-9d92798be83e",
              "parentUUID": "cbab8a15-ddb8-47e1-a668-4b69bc60d662",
              "isHook": true,
              "skipped": false
            }
          ],
          "afterHooks": [],
          "tests": [
            {
              "title": "Tiene que iniciar con una lista vacía de temperaturas",
              "fullTitle": "Clase Termometro Tiene que iniciar con una lista vacía de temperaturas",
              "timedOut": false,
              "duration": 0,
              "state": "passed",
              "speed": "fast",
              "pass": true,
              "fail": false,
              "pending": false,
              "context": null,
              "code": "expect(termometro.obtenerNumeroAnotaciones()).to.equal(0);",
              "err": {},
              "uuid": "573ab2f6-a18d-40f8-9813-d7dae8b874c0",
              "parentUUID": "cbab8a15-ddb8-47e1-a668-4b69bc60d662",
              "isHook": false,
              "skipped": false
            },
            {
              "title": " Tiene que permitir anotar una temperatura",
              "fullTitle": "Clase Termometro  Tiene que permitir anotar una temperatura",
              "timedOut": false,
              "duration": 0,
              "state": "passed",
              "speed": "fast",
              "pass": true,
              "fail": false,
              "pending": false,
              "context": null,
              "code": "termometro.anotarTemperatura(37.5);\nexpect(termometro.obtenerNumeroAnotaciones()).to.equal(1);",
              "err": {},
              "uuid": "8ce676a5-037b-48d8-b692-a48b118c1150",
              "parentUUID": "cbab8a15-ddb8-47e1-a668-4b69bc60d662",
              "isHook": false,
              "skipped": false
            }
          ],
          "suites": [],
          "passes": [
            "573ab2f6-a18d-40f8-9813-d7dae8b874c0",
            "8ce676a5-037b-48d8-b692-a48b118c1150"
          ],
          "failures": [],
          "pending": [],
          "skipped": [],
          "duration": 0,
          "root": false,
          "rootEmpty": false,
          "_timeout": 2000
        }
      ],
      "passes": [],
      "failures": [],
      "pending": [],
      "skipped": [],
      "duration": 0,
      "root": true,
      "rootEmpty": true,
      "_timeout": 2000
    }
  ],
  "meta": {
    "mocha": {
      "version": "11.7.5"
    },
    "mochawesome": {
      "options": {
        "quiet": false,
        "reportFilename": "mochawesome",
        "saveHtml": true,
        "saveJson": true,
        "consoleReporter": "spec",
        "useInlineDiffs": false,
        "code": true
      },
      "version": "7.1.4"
    },
    "marge": {
      "options": null,
      "version": "6.3.2"
    }
  }
}